<?xml version="1.0" encoding="UTF-8"?>
<!-- Generated by org.testng.reporters.JUnitXMLReporter -->
<testsuite ignored="0" hostname="vadlapudis-MacBook-Air.local" failures="0" tests="2" name="Default test" time="24.077" errors="0" timestamp="01 Feb 2024 08:11:04 GMT">
  <testcase classname="com.qa.opencart.testcases.loginTestcase" name="loginPageTitleTest" time="0.201"/>
  <testcase classname="com.qa.opencart.testcases.loginTestcase" name="loginPageUrlTest" time="0.023"/>
</testsuite> <!-- Default test -->
