<?xml version="1.0" encoding="UTF-8"?>
<!-- Generated by org.testng.reporters.JUnitXMLReporter -->
<testsuite ignored="0" hostname="vadlapudis-MacBook-Air.local" failures="0" tests="2" name="Default test" time="20.8" errors="0" timestamp="02 Feb 2024 04:30:45 GMT">
  <testcase classname="com.qa.opencart.testcases.accountPageTest" name="getAccPageTitleTest" time="0.188"/>
  <testcase classname="com.qa.opencart.testcases.accountPageTest" name="getAccPageUrlTest" time="0.016"/>
</testsuite> <!-- Default test -->
