<?xml version="1.0" encoding="UTF-8"?>
<testng-results ignored="0" total="2" passed="2" failed="0" skipped="0">
  <reporter-output>
  </reporter-output>
  <suite started-at="2024-02-02T04:30:24Z" name="Default suite" finished-at="2024-02-02T04:30:45Z" duration-ms="20800">
    <groups>
    </groups>
    <test started-at="2024-02-02T04:30:24Z" name="Default test" finished-at="2024-02-02T04:30:45Z" duration-ms="20800">
      <class name="com.qa.opencart.testcases.accountPageTest">
        <test-method is-config="true" signature="setup()[pri:0, instance:com.qa.opencart.testcases.accountPageTest@23592946]" started-at="2024-02-02T04:30:24Z" name="setup" finished-at="2024-02-02T04:30:40Z" duration-ms="16176" status="PASS">
          <reporter-output>
          </reporter-output>
        </test-method> <!-- setup -->
        <test-method is-config="true" signature="accountSetup()[pri:0, instance:com.qa.opencart.testcases.accountPageTest@23592946]" started-at="2024-02-02T04:30:41Z" name="accountSetup" finished-at="2024-02-02T04:30:44Z" duration-ms="3739" status="PASS">
          <reporter-output>
          </reporter-output>
        </test-method> <!-- accountSetup -->
        <test-method signature="getAccPageTitleTest()[pri:0, instance:com.qa.opencart.testcases.accountPageTest@23592946]" started-at="2024-02-02T04:30:44Z" name="getAccPageTitleTest" finished-at="2024-02-02T04:30:45Z" duration-ms="188" status="PASS">
          <reporter-output>
          </reporter-output>
        </test-method> <!-- getAccPageTitleTest -->
        <test-method signature="getAccPageUrlTest()[pri:0, instance:com.qa.opencart.testcases.accountPageTest@23592946]" started-at="2024-02-02T04:30:45Z" name="getAccPageUrlTest" finished-at="2024-02-02T04:30:45Z" duration-ms="16" status="PASS">
          <reporter-output>
          </reporter-output>
        </test-method> <!-- getAccPageUrlTest -->
        <test-method is-config="true" signature="tearDown()[pri:0, instance:com.qa.opencart.testcases.accountPageTest@23592946]" started-at="2024-02-02T04:30:45Z" name="tearDown" finished-at="2024-02-02T04:30:45Z" duration-ms="187" status="PASS">
          <reporter-output>
          </reporter-output>
        </test-method> <!-- tearDown -->
      </class> <!-- com.qa.opencart.testcases.accountPageTest -->
    </test> <!-- Default test -->
  </suite> <!-- Default suite -->
</testng-results>
