<?xml version="1.0" encoding="UTF-8"?>
<testng-results ignored="0" total="3" passed="3" failed="0" skipped="0">
  <reporter-output>
  </reporter-output>
  <suite started-at="2024-02-03T04:51:19Z" name="Default suite" finished-at="2024-02-03T04:51:33Z" duration-ms="14681">
    <groups>
    </groups>
    <test started-at="2024-02-03T04:51:19Z" name="Default test" finished-at="2024-02-03T04:51:33Z" duration-ms="14681">
      <class name="com.qa.opencart.testcases.loginTestcase">
        <test-method is-config="true" signature="setup()[pri:0, instance:com.qa.opencart.testcases.loginTestcase@10fbbdb]" started-at="2024-02-03T04:51:19Z" name="setup" finished-at="2024-02-03T04:51:31Z" duration-ms="12184" status="PASS">
          <reporter-output>
          </reporter-output>
        </test-method> <!-- setup -->
        <test-method signature="doLoginTest()[pri:0, instance:com.qa.opencart.testcases.loginTestcase@10fbbdb]" started-at="2024-02-03T04:51:31Z" name="doLoginTest" finished-at="2024-02-03T04:51:32Z" duration-ms="910" status="PASS">
          <reporter-output>
          </reporter-output>
        </test-method> <!-- doLoginTest -->
        <test-method signature="loginPageTitleTest()[pri:0, instance:com.qa.opencart.testcases.loginTestcase@10fbbdb]" started-at="2024-02-03T04:51:32Z" name="loginPageTitleTest" finished-at="2024-02-03T04:51:32Z" duration-ms="37" status="PASS">
          <reporter-output>
          </reporter-output>
        </test-method> <!-- loginPageTitleTest -->
        <test-method signature="loginPageUrlTest()[pri:0, instance:com.qa.opencart.testcases.loginTestcase@10fbbdb]" started-at="2024-02-03T04:51:32Z" name="loginPageUrlTest" finished-at="2024-02-03T04:51:32Z" duration-ms="22" status="PASS">
          <reporter-output>
          </reporter-output>
        </test-method> <!-- loginPageUrlTest -->
        <test-method is-config="true" signature="tearDown()[pri:0, instance:com.qa.opencart.testcases.loginTestcase@10fbbdb]" started-at="2024-02-03T04:51:32Z" name="tearDown" finished-at="2024-02-03T04:51:33Z" duration-ms="1240" status="PASS">
          <reporter-output>
          </reporter-output>
        </test-method> <!-- tearDown -->
      </class> <!-- com.qa.opencart.testcases.loginTestcase -->
    </test> <!-- Default test -->
  </suite> <!-- Default suite -->
</testng-results>
